thermal cooling time constant
Terminal log file
Date: 5/6/2022 - 9:54:54 AM
-----------------------------------------------
$GSAT;60/52/2<0>;85:45:90;39.201309;-8.137343;115;31.48;99740.02;92.43;69.08;19.80;801
$GSAT;60/52/2<0>;85:50:00;39.201309;-8.137341;114;31.49;101106.97;-22.31;69.08;19.89;802
$GSAT;60/52/2<0>;85:50:10;39.201313;-8.137342;114;31.48;101088.92;-20.95;69.09;19.80;803
$GSAT;60/52/2<0>;85:50:20;39.201309;-8.137342;114;31.50;101109.23;-22.50;69.09;19.80;804
$GSAT;60/52/2<0>;85:50:30;39.201309;-8.137345;114;31.50;101108.72;-22.46;69.09;19.89;805
$GSAT;60/52/2<0>;85:50:40;39.201305;-8.137348;114;31.50;101110.16;-22.58;69.09;19.89;806
$GSAT;60/52/2<0>;85:50:50;39.201298;-8.137352;114;31.50;101107.20;-22.33;69.09;19.80;807
$GSAT;60/52/2<0>;85:50:60;39.201309;-8.137359;113;31.51;101112.28;-22.76;69.08;19.80;808
$GSAT;60/52/2<0>;85:50:70;39.201321;-8.137353;113;31.52;101112.19;-22.68;69.08;19.80;809
$GSAT;60/52/2<0>;85:50:80;39.201321;-8.137355;113;31.52;101111.92;-22.72;69.08;19.80;810
$GSAT;60/52/2<0>;85:50:90;39.201328;-8.137350;114;31.52;101107.86;-22.39;69.08;19.80;811
$GSAT;60/52/2<0>;85:51:00;39.201340;-8.137349;114;31.53;101110.38;-22.65;69.08;19.80;812
$GSAT;60/52/2<0>;85:51:10;39.201378;-8.137330;114;31.53;101111.56;-22.73;69.08;19.80;813
$GSAT;60/52/2<0>;85:51:20;39.201378;-8.137327;114;31.54;101110.66;-22.62;69.08;19.80;814
$GSAT;60/52/2<0>;85:51:30;39.201378;-8.137331;114;31.54;101109.98;-22.57;69.08;19.80;815
$GSAT;60/52/2<0>;85:51:40;39.201370;-8.137334;113;31.55;101111.06;-22.55;69.08;19.80;816
$GSAT;60/52/2<0>;85:51:50;39.201363;-8.137336;113;31.54;101110.30;-22.59;69.08;19.80;817
$GSAT;60/52/2<0>;85:51:60;39.201363;-8.137331;114;31.55;101110.72;-22.64;69.08;19.80;818
$GSAT;60/52/2<0>;85:51:70;39.201363;-8.137331;114;31.55;101112.14;-22.71;69.08;19.80;819
$GSAT;60/52/2<0>;85:51:80;39.201366;-8.137329;114;31.55;101108.42;-22.43;69.08;19.80;820
$GSAT;60/52/2<0>;85:51:90;39.201366;-8.137334;114;31.56;101112.84;-22.80;69.08;19.80;821
$GSAT;60/52/2<0>;85:52:00;39.201363;-8.137335;114;31.57;101121.45;-23.34;69.09;19.80;822
$GSAT;60/52/2<0>;85:52:10;39.201366;-8.137337;114;31.57;101242.41;-33.61;69.09;19.80;823
$GSAT;60/52/2<0>;85:52:20;39.201359;-8.137342;115;31.58;101129.23;-24.17;69.09;19.80;824
$GSAT;60/52/2<0>;85:52:30;39.201366;-8.137335;115;31.58;101103.95;-22.02;69.08;19.80;825
$GSAT;60/52/2<0>;85:52:40;39.201366;-8.137339;115;31.58;101110.20;-22.58;69.09;19.80;826
$GSAT;60/52/2<0>;85:52:50;39.201366;-8.137350;115;31.59;101109.52;-22.52;69.09;19.80;827
$GSAT;60/52/2<0>;85:52:60;39.201359;-8.137354;115;31.60;101111.28;-22.80;69.09;19.89;828
$GSAT;60/52/2<0>;85:52:70;39.201363;-8.137354;115;31.60;101109.83;-22.55;69.09;19.80;829
$GSAT;60/52/2<0>;85:52:80;39.201359;-8.137356;115;31.61;101109.01;-22.48;69.08;19.80;830
$GSAT;60/52/2<0>;85:52:90;39.201351;-8.137358;115;31.61;101109.09;-22.52;69.09;19.80;831
$GSAT;60/52/2<0>;85:53:00;39.201347;-8.137361;115;31.61;101111.36;-22.68;69.09;19.80;832
$GSAT;60/52/2<0>;85:53:10;39.201344;-8.137360;115;31.63;101110.41;-22.60;69.08;19.89;833
$GSAT;60/52/2<0>;85:53:20;39.201340;-8.137364;115;31.63;101111.19;-22.67;69.10;19.80;834
$GSAT;60/52/2<0>;85:53:30;39.201340;-8.137365;115;31.63;101110.59;-22.61;69.10;19.80;835
$GSAT;60/52/2<0>;85:53:40;39.201340;-8.137366;115;31.64;101109.41;-22.52;69.10;19.80;836
$GSAT;60/52/2<0>;85:53:50;39.201344;-8.137369;115;31.64;101108.89;-22.47;69.09;19.89;837
$GSAT;60/52/2<0>;85:53:60;39.201347;-8.137369;115;31.65;101107.35;-22.34;69.09;19.80;838
$GSAT;60/52/2<0>;85:53:70;39.201344;-8.137370;115;31.65;101109.71;-22.54;69.09;19.80;839
$GSAT;60/52/2<0>;85:53:80;39.201344;-8.137354;114;31.66;101129.02;-24.15;69.09;19.80;840
$GSAT;60/52/2<0>;85:53:90;39.201336;-8.137347;114;31.66;101334.34;-35.07;69.09;19.80;841
$GSAT;60/52/2<0>;85:54:00;39.201336;-8.137343;114;31.66;100940.02;-8.37;69.09;19.80;842
$GSAT;60/52/2<0>;85:54:10;39.201328;-8.137334;113;31.66;101107.61;-22.36;69.09;19.80;843
$GSAT;60/52/2<0>;85:54:20;39.201328;-8.137323;113;31.66;101107.60;-22.30;69.09;19.89;844
$GSAT;60/52/2<0>;85:54:30;39.201317;-8.137324;112;31.67;101111.64;-22.70;69.09;19.89;845
$GSAT;60/52/2<0>;85:54:40;39.201313;-8.137328;112;31.68;101111.72;-22.71;69.09;19.89;846
$GSAT;60/52/2<0>;85:54:50;39.201317;-8.137338;112;31.68;101108.36;-22.40;69.09;19.89;847
$GSAT;60/52/2<0>;85:54:60;39.201313;-8.137341;112;31.68;101110.21;-22.58;69.09;19.89;848
$GSAT;60/52/2<0>;85:54:70;39.201309;-8.137337;112;31.69;101318.42;-39.95;69.09;19.80;849
$GSAT;60/52/2<0>;85:54:80;39.201313;-8.137345;112;31.70;101131.59;-23.63;69.10;19.80;850
$GSAT;60/52/2<0>;85:54:90;39.201305;-8.137345;112;31.71;101176.11;-28.08;69.10;19.80;851
$GSAT;60/52/2<0>;85:55:00;39.201305;-8.137347;112;31.71;101112.05;-22.73;69.10;19.80;852
$GSAT;60/52/2<0>;85:55:10;39.201309;-8.137328;112;31.72;100826.16;57.31;69.10;19.80;853
$GSAT;60/52/2<0>;85:55:20;39.201305;-8.137314;111;31.72;101092.75;-21.12;69.10;19.80;854
$GSAT;60/52/2<0>;85:55:30;39.201298;-8.137307;111;31.72;101101.71;-21.87;69.10;19.80;855
$GSAT;60/52/2<0>;85:55:40;39.201290;-8.137301;111;31.73;101109.26;-22.62;69.10;19.80;856
$GSAT;60/52/2<0>;85:55:50;39.201298;-8.137300;110;31.73;101106.81;-22.30;69.10;19.80;857
$GSAT;60/52/2<0>;85:55:60;39.201290;-8.137299;110;31.73;101108.67;-22.45;69.10;19.80;858
$GSAT;60/52/2<0>;85:55:70;39.201290;-8.137302;110;31.74;101113.20;-22.83;69.09;19.80;859
$GSAT;60/52/2<0>;85:55:80;39.201298;-8.137310;110;31.76;103411.39;-212.96;69.10;19.80;860
$GSAT;60/52/2<0>;85:55:90;39.201290;-8.137310;110;31.75;101166.27;-27.26;69.10;19.80;861
$GSAT;60/52/2<0>;85:60:00;39.201286;-8.137307;110;31.75;101118.53;-23.28;69.09;19.80;862
$GSAT;60/52/2<0>;85:60:10;39.201286;-8.137307;110;31.75;101111.28;-22.67;69.10;19.80;863
$GSAT;60/52/2<0>;85:60:20;39.201286;-8.137304;110;31.76;101113.54;-22.86;69.10;19.80;864
$GSAT;60/52/2<0>;85:60:30;39.201286;-8.137304;109;31.77;101110.50;-22.67;69.10;19.80;865
$GSAT;60/52/2<0>;85:60:40;39.201283;-8.137304;110;31.78;101110.58;-22.54;69.09;19.80;866
$GSAT;60/52/2<0>;85:60:50;39.201279;-8.137303;110;31.78;101110.82;-22.63;69.10;19.80;867
$GSAT;60/52/2<0>;85:60:60;39.201279;-8.137303;110;31.79;101112.75;-22.92;69.10;19.80;868
$GSAT;60/52/2<0>;85:60:70;39.201275;-8.137301;110;31.79;101111.23;-22.63;69.10;19.80;869
$GSAT;60/52/2<0>;85:60:80;39.201279;-8.137301;110;31.80;101111.33;-22.68;69.10;19.80;870
$GSAT;60/52/2<0>;85:60:90;39.201275;-8.137301;110;31.80;101111.50;-22.69;69.10;19.80;871
$GSAT;60/52/2<0>;85:61:00;39.201275;-8.137303;111;31.81;101108.43;-22.24;69.10;19.80;872
$GSAT;60/52/2<0>;85:61:10;39.201275;-8.137304;111;31.82;101107.91;-22.39;69.10;19.80;873
$GSAT;60/52/2<0>;85:61:20;39.201275;-8.137305;111;31.82;101104.61;-22.12;69.10;19.80;874
$GSAT;60/52/2<0>;85:61:30;39.201275;-8.137306;112;31.82;101103.27;-22.03;69.10;19.72;875
$GSAT;60/52/2<0>;85:61:40;39.201267;-8.137303;112;31.83;101104.45;-22.10;69.10;19.72;876
$GSAT;60/52/2<0>;85:61:50;39.201260;-8.137300;112;31.83;101104.88;-22.14;69.10;19.72;877
$GSAT;60/52/2<0>;85:61:60;39.201252;-8.137299;112;31.83;101102.75;-22.06;69.10;19.72;878
$GSAT;60/52/2<0>;85:61:70;39.201244;-8.137293;113;31.84;101107.13;-22.33;69.10;19.72;879
$GSAT;60/52/2<0>;85:61:80;39.201233;-8.137289;113;31.85;101103.42;-22.02;69.11;19.63;880
$GSAT;60/52/2<0>;85:61:90;39.201225;-8.137284;113;31.86;101108.73;-22.19;69.11;19.63;881
$GSAT;60/52/2<0>;85:62:00;39.201218;-8.137278;114;31.85;101102.23;-21.92;69.10;19.63;882
$GSAT;60/52/2<0>;85:62:10;39.201206;-8.137271;114;31.86;101106.45;-22.27;69.11;19.63;883
$GSAT;60/52/2<0>;85:62:20;39.201195;-8.137264;114;31.86;101106.09;-22.21;69.11;19.63;884
$GSAT;60/52/2<0>;85:62:30;39.201187;-8.137254;114;31.87;101102.91;-21.97;69.11;19.63;885
$GSAT;60/52/2<0>;85:62:40;39.201180;-8.137244;114;31.87;101104.25;-22.08;69.11;19.54;886
$GSAT;60/52/2<0>;85:62:50;39.201172;-8.137236;114;31.87;101103.31;-22.06;69.11;19.54;887
$GSAT;60/52/2<0>;85:62:60;39.201168;-8.137229;114;31.88;101106.09;-22.24;69.11;19.54;888
$GSAT;60/52/2<0>;85:62:70;39.201153;-8.137223;114;31.88;101103.97;-22.06;69.11;19.54;889
$GSAT;60/52/2<0>;85:62:80;39.201145;-8.137216;114;31.88;101103.55;-22.09;69.11;19.54;890
$GSAT;60/52/2<0>;85:62:90;39.201138;-8.137209;114;31.89;101104.57;-22.11;69.11;19.54;891
$GSAT;60/52/2<0>;85:63:00;39.201122;-8.137200;114;31.89;101103.39;-21.83;69.10;19.54;892
$GSAT;60/52/2<0>;85:63:10;39.201111;-8.137192;114;31.90;101103.47;-21.95;69.10;19.45;893
$GSAT;60/52/2<0>;85:63:30;39.201092;-8.137185;114;31.90;101103.20;-22.00;69.10;19.45;895
$GSAT;60/52/2<0>;85:63:40;39.201080;-8.137185;115;31.90;101102.95;-21.99;69.10;19.45;896
$GSAT;60/52/2<0>;85:63:50;39.201077;-8.137188;115;31.91;101099.46;-21.79;69.11;19.45;897
$GSAT;60/52/2<0>;85:63:60;39.201073;-8.137187;115;31.92;101099.63;-21.70;69.11;19.45;898
$GSAT;60/52/2<0>;85:63:70;39.201077;-8.137184;115;31.92;101101.50;-21.86;69.11;19.45;899
$GSAT;60/52/2<0>;85:63:80;39.201073;-8.137184;116;31.92;101103.80;-21.74;69.11;19.45;900
$GSAT;60/52/2<0>;85:63:90;39.201069;-8.137180;116;31.91;101101.23;-21.84;69.10;19.54;901
$GSAT;60/52/2<0>;85:64:00;39.201061;-8.137174;116;31.92;101104.81;-22.13;69.11;19.54;902
$GSAT;60/52/2<0>;85:64:10;39.201061;-8.137166;116;31.92;101098.38;-21.83;69.11;19.54;903
$GSAT;60/52/2<0>;85:64:20;39.201065;-8.137162;116;31.92;101101.08;-21.82;69.11;19.54;904
$GSAT;60/52/2<0>;85:64:30;39.201061;-8.137162;116;31.93;101100.22;-21.75;69.12;19.54;905
$GSAT;60/52/2<0>;85:64:40;39.201065;-8.137163;117;31.93;101102.76;-21.95;69.11;19.54;906
$GSAT;60/52/2<0>;85:64:50;39.201065;-8.137164;117;31.93;101103.27;-22.04;69.11;19.54;907
$GSAT;60/52/2<0>;85:64:60;39.201065;-8.137164;117;31.93;101105.30;-22.17;69.11;19.54;908
$GSAT;60/52/2<0>;85:64:70;39.201065;-8.137165;117;31.93;101107.59;-22.36;69.11;19.54;909
$GSAT;60/52/2<0>;85:64:80;39.201065;-8.137167;117;31.93;101102.42;-21.97;69.11;19.54;910
$GSAT;60/52/2<0>;85:64:90;39.201069;-8.137170;117;31.93;101104.95;-22.14;69.11;19.54;911
$GSAT;60/52/2<0>;85:65:00;39.201069;-8.137173;117;31.93;101103.93;-22.06;69.11;19.54;912
$GSAT;60/52/2<0>;85:65:10;39.201073;-8.137176;117;31.94;101102.30;-21.52;69.11;19.54;913
$GSAT;60/52/2<0>;85:65:20;39.201077;-8.137179;117;31.94;101100.78;-21.79;69.12;19.54;914
$GSAT;60/52/2<0>;85:65:30;39.201080;-8.137183;117;31.94;101100.39;-21.76;69.11;19.54;915
$GSAT;60/52/2<0>;85:65:40;39.201080;-8.137183;117;31.95;101100.91;-21.92;69.11;19.54;916
$GSAT;60/52/2<0>;85:65:50;39.201084;-8.137183;118;31.95;101097.75;-21.54;69.11;19.54;917
$GSAT;60/52/2<0>;85:65:60;39.201088;-8.137180;118;31.95;101097.01;-21.48;69.11;19.54;918
$GSAT;60/52/2<0>;85:65:70;39.201088;-8.137179;118;31.95;101095.50;-21.56;69.12;19.54;919
$GSAT;60/52/2<0>;85:65:80;39.201088;-8.137179;119;31.95;101097.01;-21.48;69.11;19.54;920
$GSAT;60/52/2<0>;85:65:90;39.201096;-8.137174;119;31.96;101098.11;-21.57;69.11;19.54;921
$GSAT;60/52/2<0>;85:70:00;39.201092;-8.137173;119;31.97;101100.82;-21.66;69.11;19.54;922
$GSAT;60/52/2<0>;85:70:10;39.201088;-8.137174;119;31.97;101101.66;-21.87;69.11;19.54;923
$GSAT;60/52/2<0>;85:70:20;39.201088;-8.137174;119;31.97;101099.37;-21.68;69.11;19.54;924
$GSAT;60/52/2<0>;85:70:30;39.201088;-8.137172;120;31.98;101098.34;-21.69;69.11;19.54;925
$GSAT;60/52/2<0>;85:70:40;39.201088;-8.137172;120;31.98;101101.20;-21.83;69.12;19.54;926
$GSAT;60/52/2<0>;85:70:50;39.201088;-8.137173;120;31.99;101101.97;-21.89;69.12;19.54;927
$GSAT;60/52/2<0>;85:70:60;39.201088;-8.137171;120;31.99;101101.22;-21.83;69.12;19.54;928
$GSAT;60/52/2<0>;85:70:70;39.201088;-8.137170;120;31.99;101096.83;-21.70;69.12;19.54;929
$GSAT;60/52/2<0>;85:70:80;39.201088;-8.137170;120;32.00;101100.19;-21.75;69.11;19.54;930
$GSAT;60/52/2<0>;85:70:90;39.201084;-8.137171;120;32.01;101096.78;-21.46;69.12;19.54;931
$GSAT;60/52/2<0>;85:71:00;39.201080;-8.137169;120;32.01;101099.75;-21.57;69.12;19.45;932
$GSAT;60/52/2<0>;85:71:10;39.201080;-8.137169;120;32.01;101101.09;-21.82;69.12;19.45;933
$GSAT;60/52/2<0>;85:71:20;39.201080;-8.137168;120;32.02;101099.09;-21.66;69.11;19.45;934
$GSAT;60/52/2<0>;85:71:30;39.201073;-8.137170;120;32.03;101099.14;-21.80;69.11;19.45;935
$GSAT;60/52/2<0>;85:71:40;39.201073;-8.137168;120;32.04;101098.71;-21.62;69.11;19.45;936
$GSAT;60/52/2<0>;85:71:50;39.201077;-8.137167;120;32.04;101100.67;-21.79;69.12;19.45;937
$GSAT;60/52/2<0>;85:71:60;39.201077;-8.137168;120;32.05;101099.98;-21.70;69.11;19.45;938
$GSAT;60/52/2<0>;85:71:70;39.201077;-8.137170;120;32.05;101097.61;-21.53;69.11;19.45;939
$GSAT;60/52/2<0>;85:71:80;39.201073;-8.137172;119;32.06;101100.89;-21.80;69.12;19.45;940
$GSAT;60/52/2<0>;85:71:90;39.201077;-8.137172;119;32.06;101099.22;-21.48;69.12;19.45;941
$GSAT;60/52/2<0>;85:72:00;39.201077;-8.137174;119;32.07;101100.05;-21.74;69.12;19.45;942
$GSAT;60/52/2<0>;85:72:10;39.201077;-8.137174;119;32.07;101097.67;-21.53;69.12;19.45;943
$GSAT;60/52/2<0>;85:72:20;39.201077;-8.137175;119;32.08;101097.66;-21.53;69.12;19.37;944
$GSAT;60/52/2<0>;85:72:30;39.201077;-8.137177;119;32.09;101100.13;-21.39;69.12;19.37;945
$GSAT;60/52/2<0>;85:72:40;39.201077;-8.137179;119;32.09;101099.10;-21.66;69.12;19.37;946
$GSAT;60/52/2<0>;85:72:50;39.201073;-8.137182;118;32.10;101099.67;-21.70;69.12;19.37;947
$GSAT;60/52/2<0>;85:72:60;39.201073;-8.137185;118;32.10;101101.78;-21.47;69.12;19.37;948
$GSAT;60/52/2<0>;85:72:70;39.201073;-8.137187;118;32.10;101099.09;-21.66;69.12;19.37;949
$GSAT;60/52/2<0>;85:72:80;39.201073;-8.137186;118;32.12;101097.30;-21.50;69.13;19.37;950
$GSAT;60/52/2<0>;85:72:90;39.201073;-8.137186;118;32.12;101099.75;-21.53;69.13;19.37;951
$GSAT;60/52/2<0>;85:73:00;39.201073;-8.137184;118;32.13;101095.92;-21.39;69.13;19.37;952
$GSAT;60/52/2<0>;85:73:10;39.201080;-8.137184;118;32.14;101097.87;-21.55;69.13;19.37;953
$GSAT;60/52/2<0>;85:73:20;39.201080;-8.137183;118;32.15;101099.13;-21.67;69.13;19.28;954
$GSAT;60/52/2<0>;85:73:30;39.201080;-8.137182;118;32.16;101101.84;-21.88;69.12;19.28;955
$GSAT;60/52/2<0>;85:73:40;39.201080;-8.137180;118;32.16;101096.92;-21.47;69.12;19.28;956
$GSAT;60/52/2<0>;85:73:50;39.201080;-8.137178;119;32.16;101099.80;-21.54;69.12;19.28;957
$GSAT;60/52/2<0>;85:73:60;39.201080;-8.137175;119;32.16;101096.66;-21.56;69.13;19.28;958
$GSAT;60/52/2<0>;85:73:70;39.201084;-8.137175;119;32.18;101097.06;-21.48;69.12;19.28;959
$GSAT;60/52/2<0>;85:73:80;39.201080;-8.137173;119;32.18;101097.67;-21.66;69.12;19.28;960
$GSAT;60/52/2<0>;85:73:90;39.201080;-8.137172;119;32.19;101101.03;-21.89;69.12;19.28;961
$GSAT;60/52/2<0>;85:74:00;39.201084;-8.137171;119;32.20;101098.56;-21.61;69.14;19.28;962
$GSAT;60/52/2<0>;85:74:10;39.201084;-8.137171;119;32.21;101101.78;-21.88;69.13;19.28;963
$GSAT;60/52/2<0>;85:74:20;39.201088;-8.137171;119;32.22;101100.58;-21.75;69.13;19.28;964
$GSAT;60/52/2<0>;85:74:30;39.201088;-8.137170;119;32.22;101101.01;-21.81;69.13;19.19;965
$GSAT;60/52/2<0>;85:74:40;39.201088;-8.137170;119;32.23;101101.36;-21.85;69.13;19.28;966
$GSAT;60/52/2<0>;85:74:50;39.201088;-8.137169;119;32.24;101099.81;-21.94;69.13;19.19;967
$GSAT;60/52/2<0>;85:74:60;39.201088;-8.137170;119;32.24;101097.34;-21.51;69.13;19.19;968
$GSAT;60/52/2<0>;85:74:70;39.201092;-8.137169;119;32.25;101099.44;-21.68;69.13;19.19;969
$GSAT;60/52/2<0>;85:74:80;39.201096;-8.137169;119;32.26;101100.13;-21.83;69.14;19.19;970
$GSAT;60/52/2<0>;85:74:90;39.201096;-8.137168;119;32.27;101099.95;-21.79;69.14;19.19;971
$GSAT;60/52/2<0>;85:75:00;39.201096;-8.137168;119;32.27;101101.47;-21.85;69.14;19.19;972
$GSAT;60/52/2<0>;85:75:10;39.201096;-8.137167;119;32.28;101100.80;-21.72;69.13;19.19;973
$GSAT;60/52/2<0>;85:75:20;39.201099;-8.137166;119;32.29;101098.15;-21.54;69.13;19.19;974
$GSAT;60/52/2<0>;85:75:30;39.201099;-8.137166;119;32.30;101099.99;-21.73;69.13;19.19;975
$GSAT;60/52/2<0>;85:75:40;39.201099;-8.137165;119;32.30;101101.97;-21.89;69.13;19.19;976
$GSAT;60/52/2<0>;85:75:50;39.201099;-8.137165;119;32.31;101097.97;-21.56;69.14;19.10;977
$GSAT;60/52/2<0>;85:75:60;39.201099;-8.137165;119;32.32;101098.20;-21.58;69.13;19.10;978
$GSAT;60/52/2<0>;85:75:70;39.201099;-8.137164;119;32.32;101100.56;-21.78;69.14;19.10;979
$GSAT;60/52/2<0>;85:75:80;39.201096;-8.137164;119;32.34;101103.95;-21.90;69.15;19.10;980
$GSAT;60/52/2<0>;85:75:90;39.201096;-8.137164;119;32.35;101099.95;-21.72;69.14;19.10;981
$GSAT;60/52/2<0>;85:80:00;39.201099;-8.137165;119;32.35;101099.88;-21.72;69.14;19.10;982
$GSAT;60/52/2<0>;85:80:10;39.201103;-8.137165;119;32.36;101100.20;-21.76;69.14;19.10;983
$GSAT;60/52/2<0>;85:80:20;39.201103;-8.137164;119;32.36;101094.03;-21.23;69.14;19.10;984
$GSAT;60/52/2<0>;85:80:30;39.201099;-8.137165;119;32.37;101098.07;-21.57;69.14;19.02;985
$GSAT;60/52/2<0>;85:80:40;39.201099;-8.137164;119;32.37;101096.98;-21.52;69.14;19.02;986
$GSAT;60/52/2<0>;85:80:50;39.201096;-8.137163;119;32.38;101098.99;-21.71;69.14;19.10;987
$GSAT;60/52/2<0>;85:80:60;39.201096;-8.137164;119;32.39;101098.47;-21.60;69.14;19.02;988
$GSAT;60/52/2<0>;85:80:70;39.201096;-8.137164;119;32.39;101100.34;-21.66;69.14;19.02;989
$GSAT;60/52/2<0>;85:80:80;39.201096;-8.137164;119;32.39;101096.26;-21.49;69.13;19.02;990
$GSAT;60/52/2<0>;85:80:90;39.201096;-8.137164;119;32.41;101100.98;-21.81;69.14;19.02;991
$GSAT;60/52/2<0>;85:81:00;39.201092;-8.137165;119;32.42;101100.41;-21.77;69.14;19.02;992
$GSAT;60/52/2<0>;85:81:10;39.201092;-8.137165;119;32.43;101097.34;-21.34;69.15;19.02;993
$GSAT;60/52/2<0>;85:81:20;39.201092;-8.137164;119;32.43;101097.67;-21.53;69.14;19.02;994
$GSAT;60/52/2<0>;85:81:30;39.201088;-8.137164;119;32.44;101095.63;-21.36;69.14;19.02;995
$GSAT;60/52/2<0>;85:81:40;39.201088;-8.137164;119;32.45;101097.50;-21.53;69.14;19.02;996
$GSAT;60/52/2<0>;85:81:50;39.201088;-8.137164;119;32.46;101097.22;-21.46;69.15;19.02;997
$GSAT;60/52/2<0>;85:81:60;39.201088;-8.137164;119;32.46;101095.01;-21.31;69.15;19.02;998
$GSAT;60/52/2<0>;85:81:70;39.201088;-8.137164;120;32.46;101095.34;-21.28;69.14;18.93;999
$GSAT;60/52/2<0>;85:81:80;39.201088;-8.137164;120;32.47;101096.72;-21.46;69.15;18.93;1000
$GSAT;60/52/2<0>;85:81:90;39.201088;-8.137164;120;32.48;101098.97;-21.64;69.15;18.93;1001
$GSAT;60/52/2<0>;85:82:00;39.201088;-8.137164;120;32.49;101095.14;-21.32;69.15;18.93;1002
$GSAT;60/52/2<0>;85:82:10;39.201088;-8.137163;120;32.50;101098.23;-21.66;69.15;18.93;1003
$GSAT;60/52/2<0>;85:82:20;39.201088;-8.137163;120;32.50;101098.81;-21.63;69.15;18.93;1004
$GSAT;60/52/2<0>;85:82:30;39.201088;-8.137162;120;32.51;101098.38;-21.59;69.15;18.93;1005
$GSAT;60/52/2<0>;85:82:40;39.201088;-8.137162;121;32.52;101098.81;-21.62;69.15;18.93;1006
$GSAT;60/52/2<0>;85:82:50;39.201088;-8.137161;121;32.53;101098.37;-21.59;69.15;18.93;1007
$GSAT;60/52/2<0>;85:82:60;39.201088;-8.137161;121;32.53;101098.70;-21.62;69.15;18.93;1008
$GSAT;60/52/2<0>;85:82:70;39.201088;-8.137161;121;32.54;101098.34;-21.72;69.14;18.93;1009
$GSAT;60/52/2<0>;85:82:80;39.201092;-8.137161;122;32.55;101100.64;-21.78;69.14;18.84;1010
$GSAT;60/52/2<0>;85:82:90;39.201092;-8.137161;122;32.55;101097.33;-21.50;69.14;18.84;1011
$GSAT;60/52/2<0>;85:83:00;39.201092;-8.137160;122;32.56;101098.23;-21.73;69.15;18.84;1012
$GSAT;60/52/2<0>;85:83:10;39.201092;-8.137160;122;32.57;101098.50;-21.60;69.15;18.84;1013
$GSAT;60/52/2<0>;85:83:20;39.201092;-8.137161;122;32.58;101102.38;-21.93;69.15;18.84;1014
$GSAT;60/52/2<0>;85:83:30;39.201092;-8.137161;122;32.58;101098.73;-21.62;69.15;18.84;1015
$GSAT;60/52/2<0>;85:83:40;39.201096;-8.137161;122;32.59;101098.72;-21.66;69.15;18.84;1016
$GSAT;60/52/2<0>;85:83:50;39.201096;-8.137161;122;32.59;101098.73;-21.62;69.16;18.84;1017
$GSAT;60/52/2<0>;85:83:60;39.201096;-8.137160;122;32.60;101097.88;-21.55;69.16;18.84;1018
$GSAT;60/52/2<0>;85:83:70;39.201096;-8.137160;122;32.60;101096.59;-21.44;69.15;18.84;1019
$GSAT;60/52/2<0>;85:83:90;39.201096;-8.137159;122;32.62;101096.83;-21.46;69.15;18.84;1021
$GSAT;60/52/2<0>;85:84:00;39.201096;-8.137158;122;32.63;101098.58;-21.42;69.16;18.75;1022
$GSAT;60/52/2<0>;85:84:10;39.201096;-8.137157;122;32.65;101101.13;-21.83;69.16;18.75;1023
$GSAT;60/52/2<0>;85:84:20;39.201096;-8.137157;122;32.66;101098.73;-21.62;69.16;18.75;1024
$GSAT;60/52/2<0>;85:84:30;39.201096;-8.137156;122;32.66;101100.25;-21.68;69.16;18.75;1025
$GSAT;60/52/2<0>;85:84:40;39.201099;-8.137155;122;32.66;101100.10;-21.74;69.16;18.75;1026
$GSAT;60/52/2<0>;85:84:50;39.201096;-8.137155;122;32.67;101098.81;-21.63;69.16;18.75;1027
$GSAT;60/52/2<0>;85:84:60;39.201099;-8.137154;122;32.68;101098.03;-21.56;69.15;18.75;1028
$GSAT;60/52/2<0>;85:84:70;39.201099;-8.137154;122;32.69;101100.15;-21.71;69.16;18.75;1029
$GSAT;60/52/2<0>;85:84:80;39.201096;-8.137154;121;32.69;101096.17;-21.41;69.15;18.75;1030
$GSAT;60/52/2<0>;85:84:90;39.201096;-8.137154;121;32.70;101097.83;-21.55;69.15;18.75;1031
$GSAT;60/52/2<0>;85:85:00;39.201096;-8.137153;121;32.71;101100.36;-21.57;69.17;18.75;1032
$GSAT;60/52/2<0>;85:85:10;39.201096;-8.137153;121;32.71;101097.92;-21.56;69.17;18.67;1033
$GSAT;60/52/2<0>;85:85:20;39.201096;-8.137153;121;32.72;101099.09;-21.66;69.16;18.67;1034
$GSAT;60/52/2<0>;85:85:30;39.201096;-8.137153;121;32.72;101099.41;-21.66;69.16;18.67;1035
$GSAT;60/52/2<0>;85:85:40;39.201096;-8.137153;121;32.73;101100.61;-21.78;69.16;18.67;1036
$GSAT;60/52/2<0>;85:85:50;39.201096;-8.137153;121;32.74;101099.41;-21.68;69.16;18.67;1037
$GSAT;60/52/2<0>;85:85:60;39.201096;-8.137153;121;32.74;101098.72;-21.55;69.16;18.67;1038
$GSAT;60/52/2<0>;85:85:70;39.201092;-8.137154;121;32.75;101098.53;-21.60;69.16;18.67;1039
$GSAT;60/52/2<0>;85:85:80;39.201092;-8.137154;121;32.76;101099.48;-21.69;69.16;18.67;1040
$GSAT;60/52/2<0>;85:85:90;39.201092;-8.137154;121;32.77;101099.72;-21.72;69.17;18.67;1041
$GSAT;60/52/2<0>;85:90:00;39.201092;-8.137155;121;32.77;101099.44;-21.65;69.17;18.67;1042
$GSAT;60/52/2<0>;85:90:10;39.201088;-8.137155;120;32.78;101097.91;-21.55;69.17;18.67;1043
$GSAT;60/52/2<0>;85:90:20;39.201088;-8.137155;120;32.79;101100.55;-21.78;69.17;18.67;1044
$GSAT;60/52/2<0>;85:90:30;39.201088;-8.137155;121;32.79;101097.91;-21.72;69.17;18.67;1045
$GSAT;60/52/2<0>;85:90:40;39.201088;-8.137155;121;32.80;101099.58;-21.69;69.16;18.67;1046
$GSAT;60/52/2<0>;85:90:50;39.201088;-8.137155;120;32.80;101098.56;-21.57;69.17;18.58;1047
$GSAT;60/52/2<0>;85:90:60;39.201088;-8.137155;121;32.81;101100.19;-21.85;69.16;18.58;1048
$GSAT;60/52/2<0>;85:90:70;39.201088;-8.137155;121;32.81;101097.63;-21.53;69.16;18.58;1049
$GSAT;60/52/2<0>;85:90:80;39.201084;-8.137155;121;32.82;101098.02;-21.56;69.16;18.58;1050
$GSAT;60/52/2<0>;85:90:90;39.201084;-8.137155;121;32.83;101101.60;-21.78;69.18;18.58;1051
$GSAT;60/52/2<0>;85:91:00;39.201084;-8.137155;121;32.84;101100.14;-21.74;69.16;18.58;1052
$GSAT;60/52/2<0>;85:91:10;39.201084;-8.137155;121;32.84;101098.60;-21.61;69.18;18.58;1053
$GSAT;60/52/2<0>;85:91:20;39.201084;-8.137154;121;32.85;101099.69;-21.82;69.18;18.58;1054
$GSAT;60/52/2<0>;85:91:30;39.201080;-8.137155;121;32.86;101096.39;-21.43;69.17;18.58;1055
$GSAT;60/52/2<0>;85:91:40;39.201080;-8.137155;121;32.86;101100.11;-21.74;69.17;18.58;1056
$GSAT;60/52/2<0>;85:91:50;39.201080;-8.137154;121;32.87;101097.80;-21.55;69.17;18.58;1057
$GSAT;60/52/2<0>;85:91:60;39.201080;-8.137154;121;32.88;101096.63;-21.74;69.17;18.58;1058
$GSAT;60/52/2<0>;85:91:70;39.201080;-8.137155;121;32.89;101100.00;-21.73;69.17;18.49;1059
$GSAT;60/52/2<0>;85:91:80;39.201077;-8.137155;121;32.89;101098.55;-21.61;69.17;18.49;1060
$GSAT;60/52/2<0>;85:91:90;39.201077;-8.137155;121;32.89;101097.35;-21.64;69.17;18.49;1061
$GSAT;60/52/2<0>;85:92:00;39.201080;-8.137155;121;32.90;101096.43;-21.43;69.17;18.49;1062
$GSAT;60/52/2<0>;85:92:10;39.201080;-8.137155;121;32.91;101098.02;-21.56;69.18;18.49;1063
$GSAT;60/52/2<0>;85:92:20;39.201080;-8.137156;121;32.92;101101.13;-21.51;69.18;18.49;1064
$GSAT;60/52/2<0>;85:92:30;39.201080;-8.137156;121;32.92;101099.18;-21.66;69.18;18.49;1065
$GSAT;60/52/2<0>;85:92:40;39.201080;-8.137157;121;32.93;101094.53;-21.27;69.17;18.49;1066
$GSAT;60/52/2<0>;85:92:50;39.201080;-8.137157;121;32.94;101099.16;-21.66;69.17;18.49;1067
$GSAT;60/52/2<0>;85:92:60;39.201080;-8.137158;121;32.95;101098.92;-21.50;69.17;18.49;1068
$GSAT;60/52/2<0>;85:92:70;39.201084;-8.137159;121;32.95;101095.19;-21.33;69.17;18.49;1069
$GSAT;60/52/2<0>;85:92:80;39.201084;-8.137160;121;32.95;101096.27;-21.42;69.17;18.49;1070
$GSAT;60/52/2<0>;85:92:90;39.201084;-8.137161;121;32.97;101094.21;-21.25;69.17;18.49;1071
$GSAT;60/52/2<0>;85:93:00;39.201084;-8.137161;121;32.97;101092.50;-21.10;69.18;18.40;1072
$GSAT;60/52/2<0>;85:93:10;39.201084;-8.137161;121;32.97;101089.79;-20.87;69.17;18.40;1073
$GSAT;60/52/2<0>;85:93:20;39.201084;-8.137161;121;32.98;101092.43;-21.18;69.18;18.40;1074
$GSAT;60/52/2<0>;85:93:30;39.201084;-8.137162;121;32.99;101089.27;-20.83;69.18;18.40;1075
$GSAT;60/52/2<0>;85:93:40;39.201084;-8.137163;121;33.00;101092.33;-21.09;69.18;18.40;1076
$GSAT;60/52/2<0>;85:93:50;39.201084;-8.137164;121;33.00;101095.45;-21.35;69.18;18.40;1077
$GSAT;60/52/2<0>;85:93:60;39.201084;-8.137164;121;33.01;101096.38;-21.35;69.18;18.40;1078
$GSAT;60/52/2<0>;85:93:70;39.201084;-8.137164;120;33.01;101094.16;-21.24;69.18;18.40;1079
$GSAT;60/52/2<0>;85:93:80;39.201084;-8.137164;121;33.02;101097.46;-21.51;69.18;18.40;1080
$GSAT;60/52/2<0>;85:93:90;39.201084;-8.137165;121;33.03;101092.45;-21.10;69.18;18.40;1081
$GSAT;60/52/2<0>;85:94:00;39.201084;-8.137165;121;33.03;101094.81;-21.30;69.18;18.40;1082
$GSAT;60/52/2<0>;85:94:10;39.201084;-8.137167;121;33.04;101093.21;-21.16;69.18;18.40;1083
$GSAT;60/52/2<0>;85:94:20;39.201088;-8.137168;121;33.04;101092.89;-21.30;69.18;18.40;1084
$GSAT;60/52/2<0>;85:94:30;39.201084;-8.137169;121;33.05;101094.82;-21.26;69.17;18.40;1085
$GSAT;60/52/2<0>;85:94:40;39.201084;-8.137170;121;33.05;101094.22;-21.24;69.18;18.40;1086
$GSAT;60/52/2<0>;85:94:50;39.201084;-8.137170;121;33.06;101093.79;-21.21;69.18;18.32;1087
$GSAT;60/52/2<0>;85:94:60;39.201084;-8.137171;121;33.06;101094.64;-21.28;69.18;18.32;1088
$GSAT;60/52/2<0>;85:94:70;39.201084;-8.137172;121;33.07;101093.69;-21.20;69.18;18.32;1089
$GSAT;60/52/2<0>;85:94:80;39.201084;-8.137173;121;33.08;101095.73;-21.37;69.18;18.32;1090
$GSAT;60/52/2<0>;85:94:90;39.201084;-8.137172;121;33.08;101093.94;-21.26;69.18;18.32;1091
$GSAT;60/52/2<0>;85:95:00;39.201080;-8.137170;121;33.09;101094.93;-21.31;69.18;18.32;1092
$GSAT;60/52/2<0>;85:95:10;39.201080;-8.137169;121;33.09;101094.42;-21.26;69.18;18.32;1093
$GSAT;60/52/2<0>;85:95:20;39.201080;-8.137167;122;33.09;101092.58;-21.20;69.19;18.32;1094
$GSAT;60/52/2<0>;85:95:30;39.201080;-8.137167;122;33.10;101093.64;-21.20;69.18;18.32;1095
$GSAT;60/52/2<0>;85:95:40;39.201080;-8.137166;122;33.11;101091.85;-21.05;69.18;18.32;1096
$GSAT;60/52/2<0>;85:95:50;39.201077;-8.137165;122;33.11;101091.08;-20.98;69.18;18.32;1097
$GSAT;60/52/2<0>;85:95:60;39.201077;-8.137166;122;33.12;101094.48;-21.30;69.19;18.32;1098
$GSAT;60/52/2<0>;85:95:70;39.201077;-8.137165;123;33.12;101091.77;-21.04;69.19;18.32;1099
$GSAT;60/52/2<0>;85:95:80;39.201077;-8.137166;123;33.13;101094.03;-21.23;69.19;18.32;1100
$GSAT;60/52/2<0>;85:95:90;39.201073;-8.137164;123;33.13;101094.88;-21.22;69.19;18.23;1101
$GSAT;60/52/2<0>;90:00:00;39.201073;-8.137164;123;33.14;101094.63;-21.28;69.19;18.23;1102
$GSAT;60/52/2<0>;90:00:10;39.201077;-8.137168;123;33.15;101094.02;-21.33;69.19;18.23;1103
$GSAT;60/52/2<0>;90:00:20;39.201077;-8.137170;123;33.16;101096.70;-21.34;69.19;18.23;1104
$GSAT;60/52/2<0>;90:00:30;39.201077;-8.137169;123;33.16;101095.28;-21.33;69.19;18.23;1105
$GSAT;60/52/2<0>;90:00:40;39.201073;-8.137168;123;33.17;101094.00;-21.23;69.19;18.23;1106
$GSAT;60/52/2<0>;90:00:50;39.201073;-8.137167;123;33.18;101095.50;-21.35;69.19;18.23;1107
$GSAT;60/52/2<0>;90:00:60;39.201073;-8.137168;123;33.18;101096.43;-21.34;69.19;18.23;1108
$GSAT;60/52/2<0>;90:00:70;39.201073;-8.137168;123;33.18;101092.77;-21.12;69.18;18.23;1109
$GSAT;60/52/2<0>;90:00:80;39.201073;-8.137166;124;33.19;101096.00;-21.40;69.18;18.23;1110
$GSAT;60/52/2<0>;90:00:90;39.201073;-8.137163;124;33.19;101094.31;-21.50;69.20;18.23;1111
$GSAT;60/52/2<0>;90:01:00;39.201073;-8.137161;123;33.20;101096.39;-21.43;69.19;18.23;1112
$GSAT;60/52/2<0>;90:01:10;39.201073;-8.137158;124;33.20;101091.91;-21.05;69.20;18.23;1113
$GSAT;60/52/2<0>;90:01:20;39.201073;-8.137154;124;33.21;101093.16;-21.33;69.19;18.23;1114
$GSAT;60/52/2<0>;90:01:30;39.201073;-8.137154;123;33.22;101093.25;-21.20;69.19;18.23;1115
$GSAT;60/52/2<0>;90:01:40;39.201073;-8.137153;123;33.22;101093.67;-21.20;69.20;18.23;1116
$GSAT;60/52/2<0>;90:01:50;39.201073;-8.137156;123;33.22;101093.14;-21.15;69.20;18.14;1117
$GSAT;60/52/2<0>;90:01:60;39.201073;-8.137158;123;33.23;101094.32;-21.13;69.19;18.14;1118
$GSAT;60/52/2<0>;90:01:70;39.201077;-8.137161;122;33.24;101095.44;-21.35;69.19;18.14;1119
$GSAT;60/52/2<0>;90:01:80;39.201080;-8.137168;122;33.24;101092.12;-21.07;69.19;18.14;1120
$GSAT;60/52/2<0>;90:01:90;39.201080;-8.137169;122;33.25;101095.58;-21.28;69.19;18.14;1121
$GSAT;60/52/2<0>;90:02:00;39.201080;-8.137172;121;33.25;101093.55;-21.19;69.19;18.14;1122
$GSAT;60/52/2<0>;90:02:10;39.201080;-8.137173;121;33.25;101093.95;-21.22;69.19;18.14;1123
$GSAT;60/52/2<0>;90:02:20;39.201080;-8.137173;121;33.26;101091.16;-20.99;69.19;18.14;1124
$GSAT;60/52/2<0>;90:02:30;39.201080;-8.137172;121;33.26;101095.30;-21.27;69.20;18.14;1125
$GSAT;60/52/2<0>;90:02:40;39.201080;-8.137171;121;33.28;101095.45;-21.35;69.20;18.14;1126
$GSAT;60/52/2<0>;90:02:50;39.201084;-8.137175;121;33.28;101093.83;-21.21;69.20;18.14;1127
$GSAT;60/52/2<0>;90:02:60;39.201084;-8.137174;120;33.28;101094.02;-21.27;69.20;18.14;1128
$GSAT;60/52/2<0>;90:02:70;39.201084;-8.137176;120;33.30;101094.66;-21.28;69.20;18.14;1129
$GSAT;60/52/2<0>;90:02:80;39.201084;-8.137176;120;33.30;101095.16;-21.32;69.20;18.14;1130
$GSAT;60/52/2<0>;90:02:90;39.201084;-8.137175;120;33.30;101094.90;-21.30;69.20;18.05;1131
$GSAT;60/52/2<0>;90:03:00;39.201084;-8.137175;120;33.31;101094.83;-21.33;69.19;18.05;1132
$GSAT;60/52/2<0>;90:03:10;39.201084;-8.137173;120;33.31;101094.39;-21.26;69.20;18.05;1133
$GSAT;60/52/2<0>;90:03:20;39.201084;-8.137171;120;33.32;101096.92;-21.47;69.19;18.05;1134
$GSAT;60/52/2<0>;90:03:30;39.201084;-8.137173;120;33.33;101093.50;-21.34;69.19;18.05;1135
$GSAT;60/52/2<0>;90:03:40;39.201084;-8.137174;120;33.33;101099.35;-21.68;69.19;18.05;1136
$GSAT;60/52/2<0>;90:03:50;39.201088;-8.137177;119;33.33;101098.18;-21.58;69.19;18.05;1137
$GSAT;60/52/2<0>;90:03:60;39.201088;-8.137179;119;33.34;101098.08;-21.37;69.20;18.05;1138
$GSAT;60/52/2<0>;90:03:70;39.201088;-8.137178;119;33.34;101097.81;-21.55;69.21;18.05;1139
$GSAT;60/52/2<0>;90:03:80;39.201088;-8.137178;119;33.35;101096.78;-21.46;69.20;18.05;1140
$GSAT;60/52/2<0>;90:03:90;39.201084;-8.137175;119;33.35;101096.61;-21.29;69.20;18.05;1141
$GSAT;60/52/2<0>;90:04:00;39.201084;-8.137174;119;33.36;101095.69;-21.37;69.20;18.05;1142
$GSAT;60/52/2<0>;90:04:10;39.201088;-8.137177;119;33.36;101097.28;-21.50;69.20;18.05;1143
$GSAT;60/52/2<0>;90:04:20;39.201088;-8.137180;119;33.37;101096.68;-21.49;69.20;18.05;1144
$GSAT;60/52/2<0>;90:04:30;39.201088;-8.137181;119;33.37;101094.22;-21.43;69.20;18.05;1145
$GSAT;60/52/2<0>;90:04:40;39.201088;-8.137181;119;33.37;101094.97;-21.31;69.20;17.97;1146
$GSAT;60/52/2<0>;90:04:50;39.201088;-8.137180;119;33.38;101097.01;-21.48;69.20;17.97;1147
$GSAT;60/52/2<0>;90:04:60;39.201088;-8.137179;119;33.38;101096.16;-21.37;69.20;17.97;1148
$GSAT;60/52/2<0>;90:04:70;39.201088;-8.137180;119;33.39;101094.02;-21.23;69.20;17.97;1149
$GSAT;60/52/2<0>;90:04:80;39.201088;-8.137181;119;33.39;101094.19;-21.24;69.20;17.97;1150
$GSAT;60/52/2<0>;90:04:90;39.201084;-8.137179;119;33.40;101095.18;-21.58;69.21;17.97;1151
$GSAT;60/52/2<0>;90:05:00;39.201084;-8.137180;119;33.41;101095.27;-21.40;69.21;17.97;1152
$GSAT;60/52/2<0>;90:05:10;39.201084;-8.137178;119;33.42;101095.41;-21.34;69.21;17.97;1153
$GSAT;60/52/2<0>;90:05:20;39.201084;-8.137179;119;33.42;101095.67;-21.41;69.21;17.97;1154
$GSAT;60/52/2<0>;90:05:30;39.201084;-8.137177;119;33.42;101097.63;-21.53;69.21;17.97;1155
$GSAT;60/52/2<0>;90:05:40;39.201084;-8.137175;119;33.43;101096.27;-21.57;69.21;17.97;1156
$GSAT;60/52/2<0>;90:05:50;39.201084;-8.137173;119;33.43;101096.93;-21.47;69.20;17.97;1157
$GSAT;60/52/2<0>;90:05:60;39.201084;-8.137173;119;33.44;101095.90;-21.35;69.20;17.97;1158
$GSAT;60/52/2<0>;90:05:70;39.201084;-8.137170;120;33.44;101097.58;-21.52;69.20;17.97;1159
$GSAT;60/52/2<0>;90:05:80;39.201080;-8.137166;120;33.45;101094.69;-21.29;69.20;17.97;1160
$GSAT;60/52/2<0>;90:05:90;39.201080;-8.137162;120;33.46;101095.28;-21.38;69.20;17.97;1161
$GSAT;60/52/2<0>;90:10:00;39.201080;-8.137160;120;33.46;101097.33;-21.50;69.20;17.97;1162
$GSAT;60/52/2<0>;90:10:10;39.201080;-8.137158;120;33.47;101095.59;-21.36;69.21;17.88;1163
$GSAT;60/52/2<0>;90:10:20;39.201080;-8.137156;120;33.47;101094.56;-21.28;69.21;17.88;1164
$GSAT;60/52/2<0>;90:10:30;39.201080;-8.137154;120;33.48;101098.14;-21.68;69.21;17.88;1165
$GSAT;60/52/2<0>;90:10:40;39.201080;-8.137153;120;33.48;101095.66;-21.37;69.21;17.88;1166
$GSAT;60/52/2<0>;90:10:50;39.201080;-8.137150;120;33.49;101097.95;-21.56;69.21;17.88;1167
$GSAT;60/52/2<0>;90:10:60;39.201077;-8.137148;121;33.49;101096.67;-21.86;69.22;17.88;1168
$GSAT;60/52/2<0>;90:10:70;39.201077;-8.137145;121;33.50;101097.44;-21.51;69.21;17.88;1169
$GSAT;60/52/2<0>;90:10:80;39.201077;-8.137145;121;33.51;101100.56;-21.78;69.21;17.88;1170
$GSAT;60/52/2<0>;90:10:90;39.201077;-8.137145;121;33.51;101097.41;-21.33;69.21;17.88;1171
$GSAT;60/52/2<0>;90:11:00;39.201077;-8.137146;121;33.52;101099.68;-21.67;69.21;17.88;1172
$GSAT;60/52/2<0>;90:11:10;39.201077;-8.137145;121;33.52;101095.01;-21.31;69.21;17.88;1173
$GSAT;60/52/2<0>;90:11:20;39.201077;-8.137144;121;33.53;101100.70;-21.79;69.21;17.88;1174
$GSAT;60/52/2<0>;90:11:30;39.201077;-8.137144;121;33.53;101098.06;-21.55;69.21;17.88;1175
$GSAT;60/52/2<0>;90:11:40;39.201077;-8.137142;121;33.53;101099.23;-21.67;69.21;17.88;1176
$GSAT;60/52/2<0>;90:11:50;39.201073;-8.137140;121;33.53;101096.70;-21.46;69.21;17.79;1177
$GSAT;60/52/2<0>;90:11:60;39.201077;-8.137140;121;33.54;101097.17;-21.60;69.21;17.79;1178
$GSAT;60/52/2<0>;90:11:70;39.201073;-8.137139;121;33.55;101098.20;-21.58;69.21;17.79;1179
$GSAT;60/52/2<0>;90:11:80;39.201073;-8.137138;121;33.55;101098.80;-21.63;69.22;17.79;1180
$GSAT;60/52/2<0>;90:11:90;39.201073;-8.137135;121;33.55;101097.01;-21.48;69.22;17.79;1181
$GSAT;60/52/2<0>;90:12:00;39.201073;-8.137135;121;33.56;101095.48;-21.35;69.22;17.79;1182
$GSAT;60/52/2<0>;90:12:10;39.201073;-8.137133;122;33.56;101097.95;-21.56;69.22;17.79;1183
$GSAT;60/52/2<0>;90:12:20;39.201073;-8.137131;122;33.57;101096.69;-21.45;69.21;17.79;1184
////////////////////////////////////////////
$GSAT;60/52/2<0>;90:12:30;39.201073;-8.137130;122;33.57;101097.69;-21.47;69.21;17.79;1185
$GSAT;60/52/2<0>;90:12:40;39.201073;-8.137130;122;33.56;99565.95;107.13;69.22;17.79;1186
$GSAT;60/52/2<0>;90:12:50;39.201077;-8.137136;119;33.55;99925.41;76.80;69.22;17.79;1187
$GSAT;60/52/2<0>;90:12:60;39.201057;-8.137141;119;33.56;99729.89;93.29;69.22;17.79;1188
$GSAT;33.56;96200.50;395.57;69.22;17.79;1190
$GSAT;33.56;94705.41;526.33;69.22;17.79;1191
$GSAT;33.56;93426.41;639.59;69.22;17.79;1192
$GSAT;33.56;92326.91;737.84;69.21;17.88;1193
$GSAT;33.56;91388.70;830.22;69.22;17.79;1194
$GSAT;60/52/2<0>;90:13:30;39.200985;-8.137570;115;33.57;90523.50;901.18;69.21;17.79;1195
$GSAT;33.58;89824.45;965.20;69.22;17.79;1196
$GSAT;33.58;89309.58;1012.61;69.21;17.79;1197
$GSAT;33.58;88915.20;1049.08;69.22;17.79;1198
$GSAT;33.60;88627.94;1075.72;69.21;17.79;1199
$GSAT;33.60;88443.70;1094.26;69.21;17.79;1200
//////////////////////////////////////////
Date;Time;Latitude;Longitude;Temperature_BME;Pressure_BME;Altitude_BME;Humidity_BME;Temperature_Thermistor
$GSAT;182.30;-18040.61; NAN;100.00;19.19;1
$GSAT;182.30;-18040.61; NAN;100.00;20.33;2
$GSAT;182.30;-18040.61; NAN;100.00;20.94;3
$GSAT;182.30;-18040.61; NAN;100.00;21.38;4
$GSAT;182.30;-18040.61; NAN;100.00;22.08;5
$GSAT;182.30;-18040.61; NAN;100.00;22.52;6
$GSAT;182.30;-18040.61; NAN;100.00;22.96;7
$GSAT;182.30;-18040.61; NAN;100.00;23.32;8
$GSAT;182.30;-18040.61; NAN;100.00;23.67;9
$GSAT;182.30;-18040.61; NAN;100.00;24.11;10
$GSAT;182.30;-18040.61; NAN;100.00;24.29;11
$GSAT;182.30;-18040.61; NAN;100.00;24.56;12
$GSAT;182.30;-18040.61; NAN;100.00;24.82;13
$GSAT;182.30;-18040.61; NAN;100.00;25.18;14
$GSAT;182.30;-18040.61; NAN;100.00;25.45;15
$GSAT;182.30;-18040.61; NAN;100.00;25.71;16
$GSAT;182.30;-18040.61; NAN;100.00;25.80;17
$GSAT;182.30;-18040.61; NAN;100.00;25.98;18
$GSAT;182.30;-18040.61; NAN;100.00;26.16;19
$GSAT;182.30;-18040.61; NAN;100.00;26.34;20
$GSAT;182.30;-18040.61; NAN;100.00;26.43;21
$GSAT;182.30;-18040.61; NAN;100.00;26.61;22
$GSAT;182.30;-18040.61; NAN;100.00;26.79;23
$GSAT;182.30;-18040.61; NAN;100.00;26.88;24
$GSAT;182.30;-18040.61; NAN;100.00;27.06;25
$GSAT;182.30;-18040.61; NAN;100.00;27.06;26
$GSAT;182.30;-18040.61; NAN;100.00;27.15;27
$GSAT;182.30;-18040.61; NAN;100.00;27.33;28
$GSAT;182.30;-18040.61; NAN;100.00;27.61;29
$GSAT;182.30;-18040.61; NAN;100.00;27.61;30
$GSAT;182.30;-18040.61; NAN;100.00;27.70;31
$GSAT;182.30;-18040.61; NAN;100.00;27.70;32
$GSAT;182.30;-18040.61; NAN;100.00;27.88;33
$GSAT;182.30;-18040.61; NAN;100.00;27.97;34
$GSAT;182.30;-18040.61; NAN;100.00;27.97;35
$GSAT;182.30;-18040.61; NAN;100.00;28.06;36
$GSAT;182.30;-18040.61; NAN;100.00;27.97;37
$GSAT;182.30;-18040.61; NAN;100.00;28.06;38
$GSAT;182.30;-18040.61; NAN;100.00;28.24;39
$GSAT;182.30;-18040.61; NAN;100.00;28.15;40
$GSAT;182.30;-18040.61; NAN;100.00;28.24;41
$GSAT;182.30;-18040.61; NAN;100.00;28.24;42
$GSAT;182.30;-18040.61; NAN;100.00;28.33;43
$GSAT;182.30;-18040.61; NAN;100.00;28.33;44
$GSAT;182.30;-18040.61; NAN;100.00;28.42;45
$GSAT;182.30;-18040.61; NAN;100.00;28.42;46
$GSAT;182.30;-18040.61; NAN;100.00;28.42;47
$GSAT;182.30;-18040.61; NAN;100.00;28.33;48
$GSAT;182.30;-18040.61; NAN;100.00;28.42;49
$GSAT;182.30;-18040.61; NAN;100.00;28.42;50
$GSAT;182.30;-18040.61; NAN;100.00;28.52;51
$GSAT;182.30;-18040.61; NAN;100.00;28.52;52
$GSAT;182.30;-18040.61; NAN;100.00;28.52;53
$GSAT;182.30;-18040.61; NAN;100.00;28.52;54
$GSAT;182.30;-18040.61; NAN;100.00;28.52;55
$GSAT;182.30;-18040.61; NAN;100.00;28.52;56
$GSAT;182.30;-18040.61; NAN;100.00;28.52;57
$GSAT;182.30;-18040.61; NAN;100.00;28.61;58
$GSAT;182.30;-18040.61; NAN;100.00;28.61;59
$GSAT;182.30;-18040.61; NAN;100.00;28.61;60
$GSAT;182.30;-18040.61; NAN;100.00;28.61;61
$GSAT;182.30;-18040.61; NAN;100.00;28.61;62
$GSAT;182.30;-18040.61; NAN;100.00;28.61;63
$GSAT;182.30;-18040.61; NAN;100.00;28.61;64
$GSAT;182.30;-18040.61; NAN;100.00;28.61;65
$GSAT;182.30;-18040.61; NAN;100.00;28.61;66
$GSAT;182.30;-18040.61; NAN;100.00;28.61;67
$GSAT;182.30;-18040.61; NAN;100.00;28.61;68
$GSAT;182.30;-18040.61; NAN;100.00;28.61;69
$GSAT;182.30;-18040.61; NAN;100.00;28.61;70
$GSAT;182.30;-18040.61; NAN;100.00;28.61;71
$GSAT;182.30;-18040.61; NAN;100.00;28.61;72
$GSAT;60/52/2<0>;90:25:20;39.197872;-8.138964;540;182.30;-18040.61; NAN;100.00;28.70;73
$GSAT;60/52/2<0>;90:25:30;39.197872;-8.139039;533;182.30;-18040.61; NAN;100.00;28.70;74
$GSAT;60/52/2<0>;90:25:50;39.197826;-8.139107;499;182.30;-18040.61; NAN;100.00;28.88;76
$GSAT;60/52/2<0>;90:25:70;39.197865;-8.139236;460;182.30;-18040.61; NAN;100.00;29.07;78
$GSAT;60/52/2<0>;90:25:80;39.197891;-8.139259;455;182.30;-18040.61; NAN;100.00;29.16;79
$GSAT;60/52/2<0>;90:25:90;39.197887;-8.139283;447;182.30;-18040.61; NAN;100.00;29.25;80
$GSAT;60/52/2<0>;90:30:00;39.197891;-8.139328;438;182.30;-18040.61; NAN;100.00;29.25;81
$GSAT;60/52/2<0>;90:30:10;39.197823;-8.139352;430;182.30;-18040.61; NAN;100.00;29.43;82
$GSAT;60/52/2<0>;90:30:20;39.197815;-8.139427;423;182.30;-18040.61; NAN;100.00;29.34;83
$GSAT;60/52/2<0>;90:30:40;39.197792;-8.139499;410;182.30;-18040.61; NAN;100.00;29.53;85
$GSAT;60/52/2<0>;90:30:60;39.197803;-8.139421;393;182.30;-18040.61; NAN;100.00;29.53;87
$GSAT;60/52/2<0>;90:30:70;39.197887;-8.139441;389;182.30;-18040.61; NAN;100.00;29.62;88
$GSAT;60/52/2<0>;90:30:80;39.197975;-8.139443;384;182.30;-18040.61; NAN;100.00;29.62;89
$GSAT;60/52/2<0>;90:30:90;39.198124;-8.139331;369;182.30;-18040.61; NAN;100.00;29.62;90
$GSAT;60/52/2<0>;90:31:00;39.198303;-8.139182;344;182.30;-18040.61; NAN;100.00;29.71;91
$GSAT;60/52/2<0>;90:31:10;39.198448;-8.139019;330;182.30;-18040.61; NAN;100.00;29.71;92
$GSAT;60/52/2<0>;90:31:20;39.198586;-8.138917;334;182.30;-18040.61; NAN;100.00;29.71;93
$GSAT;60/52/2<0>;90:31:30;39.198727;-8.138765;320;182.30;-18040.61; NAN;100.00;29.71;94
$GSAT;60/52/2<0>;90:31:50;39.199356;-8.138411;284;182.30;-18040.61; NAN;100.00;29.62;96
$GSAT;60/52/2<0>;90:31:60;39.199669;-8.138174;269;182.30;-18040.61; NAN;100.00;29.62;97
$GSAT;60/52/2<0>;90:31:70;39.199463;-8.138295;250;182.30;-18040.61; NAN;100.00;29.53;98
$GSAT;60/52/2<0>;90:31:80;39.199551;-8.138218;244;182.30;-18040.61; NAN;100.00;29.62;99
$GSAT;60/52/2<0>;90:31:90;39.199596;-8.138172;233;182.30;-18040.61; NAN;100.00;29.53;100
$GSAT;60/52/2<0>;90:32:00;39.199642;-8.138044;231;182.30;-18040.61; NAN;100.00;29.53;101
$GSAT;60/52/2<0>;90:32:10;39.199738;-8.137980;221;182.30;-18040.61; NAN;100.00;29.53;102
$GSAT;60/52/2<0>;90:32:20;39.199703;-8.137998;209;182.30;-18040.61; NAN;100.00;29.53;103
$GSAT;60/52/2<0>;90:32:30;39.199760;-8.137893;203;182.30;-18040.61; NAN;100.00;29.43;104
$GSAT;60/52/2<0>;90:32:40;39.199738;-8.137861;202;182.30;-18040.61; NAN;100.00;29.43;105
$GSAT;60/52/2<0>;90:32:50;39.199432;-8.138082;190;182.30;-18040.61; NAN;100.00;29.34;106
$GSAT;60/52/2<0>;90:32:60;39.199223;-8.138175;190;182.30;-18040.61; NAN;100.00;29.34;107
$GSAT;60/52/2<0>;90:32:70;39.199203;-8.138185;180;182.30;-18040.61; NAN;100.00;29.34;108
$GSAT;60/52/2<0>;90:32:80;39.199097;-8.138247;172;182.30;-18040.61; NAN;100.00;29.25;109
$GSAT;60/52/2<0>;90:32:90;39.198929;-8.138310;162;182.30;-18040.61; NAN;100.00;29.25;110
$GSAT;60/52/2<0>;90:33:00;39.198952;-8.138353;149;182.30;-18040.61; NAN;100.00;29.16;111
$GSAT;60/52/2<0>;90:33:10;39.198811;-8.138490;143;182.30;-18040.61; NAN;100.00;29.16;112
$GSAT;60/52/2<0>;90:33:20;39.198681;-8.138532;134;182.30;-18040.61; NAN;100.00;29.07;113
$GSAT;60/52/2<0>;90:33:30;39.198467;-8.138670;124;182.30;-18040.61; NAN;100.00;28.97;114
$GSAT;60/52/2<0>;90:33:40;39.198383;-8.138731;115;182.30;-18040.61; NAN;100.00;28.97;115

-----------------------------------------------
Date: 5/6/2022 - 10:04:43 AM
End log file
